<?xml version="1.0" encoding="UTF-8"?>
<!-- Generated by org.testng.reporters.JUnitXMLReporter -->
<testsuite hostname="DESKTOP-2B3OB08" name="Default test" tests="2" failures="0" timestamp="11 Oct 2019 06:00:46 GMT" time="80.972" errors="0">
  <testcase name="homeOfficeSearchTest1" time="46.864" classname="com.HomeOffice.qa.test.HomeOfficeSearchTest_ff"/>
  <testcase name="homeOfficeSearchTest2" time="11.403" classname="com.HomeOffice.qa.test.HomeOfficeSearchTest_ff"/>
</testsuite> <!-- Default test -->
