<?xml version="1.0" encoding="UTF-8"?>
<testng-results skipped="0" failed="1" total="4" passed="3">
  <reporter-output>
  </reporter-output>
  <suite name="Suite A" duration-ms="108073" started-at="2019-10-11T06:03:58Z" finished-at="2019-10-11T06:05:46Z">
    <groups>
    </groups>
    <test name="HomeOfficeSearchTest" duration-ms="108073" started-at="2019-10-11T06:03:58Z" finished-at="2019-10-11T06:05:46Z">
      <class name="com.HomeOffice.qa.test.HomeOfficeSearchTest_chrome">
        <test-method status="PASS" signature="setUp()[pri:0, instance:com.HomeOffice.qa.test.HomeOfficeSearchTest_chrome@16c0663d]" name="setUp" is-config="true" duration-ms="22586" started-at="2019-10-11T07:03:58Z" finished-at="2019-10-11T07:04:21Z">
          <reporter-output>
          </reporter-output>
        </test-method> <!-- setUp -->
        <test-method status="FAIL" signature="googleSearchTest1()[pri:0, instance:com.HomeOffice.qa.test.HomeOfficeSearchTest_chrome@16c0663d]" name="googleSearchTest1" duration-ms="28621" started-at="2019-10-11T07:04:21Z" finished-at="2019-10-11T07:04:49Z">
          <exception class="org.openqa.selenium.NoSuchSessionException">
            <message>
              <![CDATA[invalid session id
  (Driver info: chromedriver=2.46.628388 (4a34a70827ac54148e092aafb70504c4ea7ae926),platform=Linux 4.14.104-boot2docker x86_64) (WARNING: The server did not provide any stacktrace information)
Command duration or timeout: 0 milliseconds
Build info: version: '3.141.59', revision: 'e82be7d358', time: '2018-11-14T08:17:03'
System info: host: 'DESKTOP-2B3OB08', ip: '192.168.99.1', os.name: 'Windows 10', os.arch: 'amd64', os.version: '10.0', java.version: '1.8.0_65'
Driver info: org.openqa.selenium.remote.RemoteWebDriver
Capabilities {acceptInsecureCerts: false, acceptSslCerts: false, applicationCacheEnabled: false, browserConnectionEnabled: false, browserName: chrome, chrome: {chromedriverVersion: 2.46.628388 (4a34a70827ac54..., userDataDir: /tmp/.org.chromium.Chromium...}, cssSelectorsEnabled: true, databaseEnabled: false, goog:chromeOptions: {debuggerAddress: localhost:35409}, handlesAlerts: true, hasTouchScreen: false, javascriptEnabled: true, locationContextEnabled: true, mobileEmulationEnabled: false, nativeEvents: true, networkConnectionEnabled: false, pageLoadStrategy: normal, platform: LINUX, platformName: LINUX, proxy: Proxy(), rotatable: false, setWindowRect: true, strictFileInteractability: false, takesHeapSnapshot: true, takesScreenshot: true, timeouts: {implicit: 0, pageLoad: 300000, script: 30000}, unexpectedAlertBehaviour: ignore, unhandledPromptBehavior: ignore, version: 72.0.3626.121, webStorageEnabled: true, webdriver.remote.sessionid: 56f5dbc5114ab55dd0b4610a80f...}
*** Element info: {Using=xpath, value=//a/h3[contains(text(),'Home Office')]}]]>
            </message>
            <full-stacktrace>
              <![CDATA[org.openqa.selenium.NoSuchSessionException: invalid session id
  (Driver info: chromedriver=2.46.628388 (4a34a70827ac54148e092aafb70504c4ea7ae926),platform=Linux 4.14.104-boot2docker x86_64) (WARNING: The server did not provide any stacktrace information)
Command duration or timeout: 0 milliseconds
Build info: version: '3.141.59', revision: 'e82be7d358', time: '2018-11-14T08:17:03'
System info: host: 'DESKTOP-2B3OB08', ip: '192.168.99.1', os.name: 'Windows 10', os.arch: 'amd64', os.version: '10.0', java.version: '1.8.0_65'
Driver info: org.openqa.selenium.remote.RemoteWebDriver
Capabilities {acceptInsecureCerts: false, acceptSslCerts: false, applicationCacheEnabled: false, browserConnectionEnabled: false, browserName: chrome, chrome: {chromedriverVersion: 2.46.628388 (4a34a70827ac54..., userDataDir: /tmp/.org.chromium.Chromium...}, cssSelectorsEnabled: true, databaseEnabled: false, goog:chromeOptions: {debuggerAddress: localhost:35409}, handlesAlerts: true, hasTouchScreen: false, javascriptEnabled: true, locationContextEnabled: true, mobileEmulationEnabled: false, nativeEvents: true, networkConnectionEnabled: false, pageLoadStrategy: normal, platform: LINUX, platformName: LINUX, proxy: Proxy(), rotatable: false, setWindowRect: true, strictFileInteractability: false, takesHeapSnapshot: true, takesScreenshot: true, timeouts: {implicit: 0, pageLoad: 300000, script: 30000}, unexpectedAlertBehaviour: ignore, unhandledPromptBehavior: ignore, version: 72.0.3626.121, webStorageEnabled: true, webdriver.remote.sessionid: 56f5dbc5114ab55dd0b4610a80f...}
*** Element info: {Using=xpath, value=//a/h3[contains(text(),'Home Office')]}
	at sun.reflect.NativeConstructorAccessorImpl.newInstance0(Native Method)
	at sun.reflect.NativeConstructorAccessorImpl.newInstance(Unknown Source)
	at sun.reflect.DelegatingConstructorAccessorImpl.newInstance(Unknown Source)
	at java.lang.reflect.Constructor.newInstance(Unknown Source)
	at org.openqa.selenium.remote.ErrorHandler.createThrowable(ErrorHandler.java:214)
	at org.openqa.selenium.remote.ErrorHandler.throwIfResponseFailed(ErrorHandler.java:166)
	at org.openqa.selenium.remote.http.JsonHttpResponseCodec.reconstructValue(JsonHttpResponseCodec.java:40)
	at org.openqa.selenium.remote.http.AbstractHttpResponseCodec.decode(AbstractHttpResponseCodec.java:80)
	at org.openqa.selenium.remote.http.AbstractHttpResponseCodec.decode(AbstractHttpResponseCodec.java:44)
	at org.openqa.selenium.remote.HttpCommandExecutor.execute(HttpCommandExecutor.java:158)
	at org.openqa.selenium.remote.RemoteWebDriver.execute(RemoteWebDriver.java:552)
	at org.openqa.selenium.remote.RemoteWebDriver.findElements(RemoteWebDriver.java:353)
	at org.openqa.selenium.remote.RemoteWebDriver.findElementsByXPath(RemoteWebDriver.java:432)
	at org.openqa.selenium.By$ByXPath.findElements(By.java:348)
	at org.openqa.selenium.remote.RemoteWebDriver.findElements(RemoteWebDriver.java:311)
	at org.openqa.selenium.support.pagefactory.DefaultElementLocator.findElements(DefaultElementLocator.java:85)
	at org.openqa.selenium.support.pagefactory.internal.LocatingElementListHandler.invoke(LocatingElementListHandler.java:36)
	at com.sun.proxy.$Proxy9.size(Unknown Source)
	at com.HomeOffice.qa.pages.HomeOfficeSearchResultPage.navigateAndScreenShot(HomeOfficeSearchResultPage.java:62)
	at com.HomeOffice.qa.test.HomeOfficeSearchTest_chrome.googleSearchTest1(HomeOfficeSearchTest_chrome.java:40)
	at sun.reflect.NativeMethodAccessorImpl.invoke0(Native Method)
	at sun.reflect.NativeMethodAccessorImpl.invoke(Unknown Source)
	at sun.reflect.DelegatingMethodAccessorImpl.invoke(Unknown Source)
	at java.lang.reflect.Method.invoke(Unknown Source)
	at org.testng.internal.MethodInvocationHelper.invokeMethod(MethodInvocationHelper.java:85)
	at org.testng.internal.Invoker.invokeMethod(Invoker.java:648)
	at org.testng.internal.Invoker.invokeTestMethod(Invoker.java:834)
	at org.testng.internal.Invoker.invokeTestMethods(Invoker.java:1142)
	at org.testng.internal.TestMethodWorker.invokeTestMethods(TestMethodWorker.java:124)
	at org.testng.internal.TestMethodWorker.run(TestMethodWorker.java:108)
	at java.util.concurrent.ThreadPoolExecutor.runWorker(Unknown Source)
	at java.util.concurrent.ThreadPoolExecutor$Worker.run(Unknown Source)
	at java.lang.Thread.run(Unknown Source)
]]>
            </full-stacktrace>
          </exception> <!-- org.openqa.selenium.NoSuchSessionException -->
          <reporter-output>
          </reporter-output>
        </test-method> <!-- googleSearchTest1 -->
        <test-method status="PASS" signature="tearDown()[pri:0, instance:com.HomeOffice.qa.test.HomeOfficeSearchTest_chrome@16c0663d]" name="tearDown" is-config="true" duration-ms="0" started-at="2019-10-11T07:04:49Z" finished-at="2019-10-11T07:04:49Z">
          <reporter-output>
          </reporter-output>
        </test-method> <!-- tearDown -->
        <test-method status="PASS" signature="setUp()[pri:0, instance:com.HomeOffice.qa.test.HomeOfficeSearchTest_chrome@16c0663d]" name="setUp" is-config="true" duration-ms="14379" started-at="2019-10-11T07:04:49Z" finished-at="2019-10-11T07:05:04Z">
          <reporter-output>
          </reporter-output>
        </test-method> <!-- setUp -->
        <test-method status="PASS" signature="googleSearchTest2()[pri:0, instance:com.HomeOffice.qa.test.HomeOfficeSearchTest_chrome@16c0663d]" name="googleSearchTest2" duration-ms="25117" started-at="2019-10-11T07:05:04Z" finished-at="2019-10-11T07:05:29Z">
          <reporter-output>
          </reporter-output>
        </test-method> <!-- googleSearchTest2 -->
        <test-method status="PASS" signature="tearDown()[pri:0, instance:com.HomeOffice.qa.test.HomeOfficeSearchTest_chrome@16c0663d]" name="tearDown" is-config="true" duration-ms="1044" started-at="2019-10-11T07:05:29Z" finished-at="2019-10-11T07:05:30Z">
          <reporter-output>
          </reporter-output>
        </test-method> <!-- tearDown -->
      </class> <!-- com.HomeOffice.qa.test.HomeOfficeSearchTest_chrome -->
      <class name="com.HomeOffice.qa.test.HomeOfficeSearchTest_ff">
        <test-method status="PASS" signature="setUp()[pri:0, instance:com.HomeOffice.qa.test.HomeOfficeSearchTest_ff@6ea6d14e]" name="setUp" is-config="true" duration-ms="10404" started-at="2019-10-11T07:03:58Z" finished-at="2019-10-11T07:04:09Z">
          <reporter-output>
          </reporter-output>
        </test-method> <!-- setUp -->
        <test-method status="PASS" signature="homeOfficeSearchTest1()[pri:0, instance:com.HomeOffice.qa.test.HomeOfficeSearchTest_ff@6ea6d14e]" name="homeOfficeSearchTest1" duration-ms="36956" started-at="2019-10-11T07:04:09Z" finished-at="2019-10-11T07:04:46Z">
          <reporter-output>
          </reporter-output>
        </test-method> <!-- homeOfficeSearchTest1 -->
        <test-method status="PASS" signature="tearDown()[pri:0, instance:com.HomeOffice.qa.test.HomeOfficeSearchTest_ff@6ea6d14e]" name="tearDown" is-config="true" duration-ms="3673" started-at="2019-10-11T07:04:46Z" finished-at="2019-10-11T07:04:49Z">
          <reporter-output>
          </reporter-output>
        </test-method> <!-- tearDown -->
        <test-method status="PASS" signature="setUp()[pri:0, instance:com.HomeOffice.qa.test.HomeOfficeSearchTest_ff@6ea6d14e]" name="setUp" is-config="true" duration-ms="42228" started-at="2019-10-11T07:04:49Z" finished-at="2019-10-11T07:05:32Z">
          <reporter-output>
          </reporter-output>
        </test-method> <!-- setUp -->
        <test-method status="PASS" signature="homeOfficeSearchTest2()[pri:0, instance:com.HomeOffice.qa.test.HomeOfficeSearchTest_ff@6ea6d14e]" name="homeOfficeSearchTest2" duration-ms="12077" started-at="2019-10-11T07:05:32Z" finished-at="2019-10-11T07:05:44Z">
          <reporter-output>
          </reporter-output>
        </test-method> <!-- homeOfficeSearchTest2 -->
        <test-method status="PASS" signature="tearDown()[pri:0, instance:com.HomeOffice.qa.test.HomeOfficeSearchTest_ff@6ea6d14e]" name="tearDown" is-config="true" duration-ms="2711" started-at="2019-10-11T07:05:44Z" finished-at="2019-10-11T07:05:46Z">
          <reporter-output>
          </reporter-output>
        </test-method> <!-- tearDown -->
      </class> <!-- com.HomeOffice.qa.test.HomeOfficeSearchTest_ff -->
    </test> <!-- HomeOfficeSearchTest -->
  </suite> <!-- Suite A -->
</testng-results>
